This is pdfTeX, Version 3.14159265-2.6-1.40.21 (TeX Live 2020/Debian) (preloaded format=pdflatex 2023.4.19)  19 APR 2023 16:55
entering extended mode
 restricted \write18 enabled.
 %&-line parsing enabled.
**DiacammaAsso.tex
(./DiacammaAsso.tex
LaTeX2e <2020-10-01> patch level 4
L3 programming layer <2021-01-09> xparse <2020-03-03> (./sphinxmanual.cls
Document Class: sphinxmanual 2019/12/01 v2.3.0 Document class (Sphinx manual)
(/usr/share/texlive/texmf-dist/tex/latex/base/report.cls
Document Class: report 2020/04/10 v1.4m Standard LaTeX document class
(/usr/share/texlive/texmf-dist/tex/latex/base/size10.clo
File: size10.clo 2020/04/10 v1.4m Standard LaTeX file (size option)
)
\c@part=\count177
\c@chapter=\count178
\c@section=\count179
\c@subsection=\count180
\c@subsubsection=\count181
\c@paragraph=\count182
\c@subparagraph=\count183
\c@figure=\count184
\c@table=\count185
\abovecaptionskip=\skip47
\belowcaptionskip=\skip48
\bibindent=\dimen138
)
LaTeX Info: Redefining \and on input line 35.
)
(/usr/share/texlive/texmf-dist/tex/latex/base/inputenc.sty
Package: inputenc 2020/08/01 v1.3d Input encoding file
\inpenc@prehook=\toks15
\inpenc@posthook=\toks16
)
   defining Unicode char U+00A0 (decimal 160)
   defining Unicode char U+2500 (decimal 9472)
   defining Unicode char U+2502 (decimal 9474)
   defining Unicode char U+2514 (decimal 9492)
   defining Unicode char U+251C (decimal 9500)
   defining Unicode char U+2572 (decimal 9586)

(/usr/share/texlive/texmf-dist/tex/latex/cmap/cmap.sty
Package: cmap 2021/02/04 v1.0j CMap support: searchable PDF
)
(/usr/share/texlive/texmf-dist/tex/latex/base/fontenc.sty
Package: fontenc 2020/08/10 v2.0s Standard LaTeX package
<<t1.cmap>>)
(/usr/share/texlive/texmf-dist/tex/latex/amsmath/amsmath.sty
Package: amsmath 2020/09/23 v2.17i AMS math features
\@mathmargin=\skip49

For additional information on amsmath, use the `?' option.
(/usr/share/texlive/texmf-dist/tex/latex/amsmath/amstext.sty
Package: amstext 2000/06/29 v2.01 AMS text

(/usr/share/texlive/texmf-dist/tex/latex/amsmath/amsgen.sty
File: amsgen.sty 1999/11/30 v2.0 generic functions
\@emptytoks=\toks17
\ex@=\dimen139
))
(/usr/share/texlive/texmf-dist/tex/latex/amsmath/amsbsy.sty
Package: amsbsy 1999/11/29 v1.2d Bold Symbols
\pmbraise@=\dimen140
)
(/usr/share/texlive/texmf-dist/tex/latex/amsmath/amsopn.sty
Package: amsopn 2016/03/08 v2.02 operator names
)
\inf@bad=\count186
LaTeX Info: Redefining \frac on input line 234.
\uproot@=\count187
\leftroot@=\count188
LaTeX Info: Redefining \overline on input line 399.
\classnum@=\count189
\DOTSCASE@=\count190
LaTeX Info: Redefining \ldots on input line 496.
LaTeX Info: Redefining \dots on input line 499.
LaTeX Info: Redefining \cdots on input line 620.
\Mathstrutbox@=\box47
\strutbox@=\box48
\big@size=\dimen141
LaTeX Font Info:    Redeclaring font encoding OML on input line 743.
LaTeX Font Info:    Redeclaring font encoding OMS on input line 744.
\macc@depth=\count191
\c@MaxMatrixCols=\count192
\dotsspace@=\muskip16
\c@parentequation=\count193
\dspbrk@lvl=\count194
\tag@help=\toks18
\row@=\count195
\column@=\count196
\maxfields@=\count197
\andhelp@=\toks19
\eqnshift@=\dimen142
\alignsep@=\dimen143
\tagshift@=\dimen144
\tagwidth@=\dimen145
\totwidth@=\dimen146
\lineht@=\dimen147
\@envbody=\toks20
\multlinegap=\skip50
\multlinetaggap=\skip51
\mathdisplay@stack=\toks21
LaTeX Info: Redefining \[ on input line 2923.
LaTeX Info: Redefining \] on input line 2924.
)
(/usr/share/texlive/texmf-dist/tex/latex/amsfonts/amssymb.sty
Package: amssymb 2013/01/14 v3.01 AMS font symbols

(/usr/share/texlive/texmf-dist/tex/latex/amsfonts/amsfonts.sty
Package: amsfonts 2013/01/14 v3.01 Basic AMSFonts support
\symAMSa=\mathgroup4
\symAMSb=\mathgroup5
LaTeX Font Info:    Redeclaring math symbol \hbar on input line 98.
LaTeX Font Info:    Overwriting math alphabet `\mathfrak' in version `bold'
(Font)                  U/euf/m/n --> U/euf/b/n on input line 106.
))
(/usr/share/texlive/texmf-dist/tex/generic/babel/babel.sty
Package: babel 2021/01/26 3.53 The Babel package

(/usr/share/texlive/texmf-dist/tex/generic/babel/babel.def
File: babel.def 2021/01/26 3.53 Babel common definitions
\babel@savecnt=\count198
\U@D=\dimen148
\l@babelnohyphens=\language5

(/usr/share/texlive/texmf-dist/tex/generic/babel/txtbabel.def)
\bbl@readstream=\read2
)
\bbl@dirlevel=\count199

(/usr/share/texlive/texmf-dist/tex/generic/babel-french/french.ldf
Language: french 2020/10/10 v3.5l French support from the babel system
Package babel Info: \l@acadian = using hyphenrules for french
(babel)             (\language3) on input line 91.
Package babel Info: \l@canadien = using hyphenrules for french
(babel)             (\language3) on input line 92.
\FB@nonchar=\count266
Package babel Info: Making : an active character on input line 430.
Package babel Info: Making ; an active character on input line 431.
Package babel Info: Making ! an active character on input line 432.
Package babel Info: Making ? an active character on input line 433.
\FBguill@level=\count267
\FBold@everypar=\toks22
\FB@Mht=\dimen149
\mc@charclass=\count268
\mc@charfam=\count269
\mc@charslot=\count270
\std@mcc=\count271
\dec@mcc=\count272
\listindentFB=\dimen150
\descindentFB=\dimen151
\labelindentFB=\dimen152
\labelwidthFB=\dimen153
\leftmarginFB=\dimen154
\parindentFFN=\dimen155
\FBfnindent=\dimen156
))
(/usr/share/texlive/texmf-dist/tex/latex/carlisle/scalefnt.sty)
(/usr/share/texlive/texmf-dist/tex/latex/graphics/keyval.sty
Package: keyval 2014/10/28 v1.15 key=value parser (DPC)
\KV@toks@=\toks23
)
(/usr/share/texmf/tex/latex/tex-gyre/tgtermes.sty
Package: tgtermes 2009/09/27 v1.2 TeX Gyre Termes as default roman family

(/usr/share/texlive/texmf-dist/tex/latex/kvoptions/kvoptions.sty
Package: kvoptions 2020-10-07 v3.14 Key value format for package options (HO)

(/usr/share/texlive/texmf-dist/tex/generic/ltxcmds/ltxcmds.sty
Package: ltxcmds 2020-05-10 v1.25 LaTeX kernel commands for general use (HO)
)
(/usr/share/texlive/texmf-dist/tex/generic/kvsetkeys/kvsetkeys.sty
Package: kvsetkeys 2019/12/15 v1.18 Key value parser (HO)
)))
(/usr/share/texmf/tex/latex/tex-gyre/tgheros.sty
Package: tgheros 2009/09/27 v1.2 TeX Gyre Heros as default sans serif family
)
(/usr/share/texlive/texmf-dist/tex/latex/fncychap/fncychap.sty
Package: fncychap 2007/07/30 v1.34 LaTeX package (Revised chapters)
\RW=\skip52
\mylen=\skip53
\myhi=\skip54
\px=\skip55
\py=\skip56
\pyy=\skip57
\pxx=\skip58
) (./sphinx.sty
Package: sphinx 2023/01/06 v6.1.2 LaTeX package (Sphinx markup)

(/usr/share/texlive/texmf-dist/tex/latex/xcolor/xcolor.sty
Package: xcolor 2016/05/11 v2.12 LaTeX color extensions (UK)

(/usr/share/texlive/texmf-dist/tex/latex/graphics-cfg/color.cfg
File: color.cfg 2016/01/02 v1.6 sample color configuration
)
Package xcolor Info: Driver file: pdftex.def on input line 225.

(/usr/share/texlive/texmf-dist/tex/latex/graphics-def/pdftex.def
File: pdftex.def 2020/10/05 v1.2a Graphics/color driver for pdftex
)
Package xcolor Info: Model `cmy' substituted by `cmy0' on input line 1348.
Package xcolor Info: Model `hsb' substituted by `rgb' on input line 1352.
Package xcolor Info: Model `RGB' extended on input line 1364.
Package xcolor Info: Model `HTML' substituted by `rgb' on input line 1366.
Package xcolor Info: Model `Hsb' substituted by `hsb' on input line 1367.
Package xcolor Info: Model `tHsb' substituted by `hsb' on input line 1368.
Package xcolor Info: Model `HSB' substituted by `hsb' on input line 1369.
Package xcolor Info: Model `Gray' substituted by `gray' on input line 1370.
Package xcolor Info: Model `wave' substituted by `hsb' on input line 1371.
)
\sphinxverbatimsep=\dimen157
\sphinxverbatimborder=\dimen158
\sphinxshadowsep=\dimen159
\sphinxshadowsize=\dimen160
\sphinxshadowrule=\dimen161
\spx@notice@border=\dimen162

(./sphinxoptionshyperref.sty
File: sphinxoptionshyperref.sty 2021/01/27 hyperref
) (./sphinxoptionsgeometry.sty
File: sphinxoptionsgeometry.sty 2021/01/27 geometry
)
(/usr/share/texlive/texmf-dist/tex/latex/base/textcomp.sty
Package: textcomp 2020/02/02 v2.0n Standard LaTeX package
)
(/usr/share/texlive/texmf-dist/tex/latex/float/float.sty
Package: float 2001/11/08 v1.3d Float enhancements (AL)
\c@float@type=\count273
\float@exts=\toks24
\float@box=\box49
\@float@everytoks=\toks25
\@floatcapt=\box50
)
(/usr/share/texlive/texmf-dist/tex/latex/wrapfig/wrapfig.sty
\wrapoverhang=\dimen163
\WF@size=\dimen164
\c@WF@wrappedlines=\count274
\WF@box=\box51
\WF@everypar=\toks26
Package: wrapfig 2003/01/31  v 3.6
)
(/usr/share/texlive/texmf-dist/tex/latex/capt-of/capt-of.sty
Package: capt-of 2009/12/29 v0.2 standard captions outside of floats
)
(/usr/share/texlive/texmf-dist/tex/latex/tools/multicol.sty
Package: multicol 2019/12/09 v1.8y multicolumn formatting (FMi)
\c@tracingmulticols=\count275
\mult@box=\box52
\multicol@leftmargin=\dimen165
\c@unbalance=\count276
\c@collectmore=\count277
\doublecol@number=\count278
\multicoltolerance=\count279
\multicolpretolerance=\count280
\full@width=\dimen166
\page@free=\dimen167
\premulticols=\dimen168
\postmulticols=\dimen169
\multicolsep=\skip59
\multicolbaselineskip=\skip60
\partial@page=\box53
\last@line=\box54
\maxbalancingoverflow=\dimen170
\mult@rightbox=\box55
\mult@grightbox=\box56
\mult@gfirstbox=\box57
\mult@firstbox=\box58
\@tempa=\box59
\@tempa=\box60
\@tempa=\box61
\@tempa=\box62
\@tempa=\box63
\@tempa=\box64
\@tempa=\box65
\@tempa=\box66
\@tempa=\box67
\@tempa=\box68
\@tempa=\box69
\@tempa=\box70
\@tempa=\box71
\@tempa=\box72
\@tempa=\box73
\@tempa=\box74
\@tempa=\box75
\@tempa=\box76
\@tempa=\box77
\@tempa=\box78
\@tempa=\box79
\@tempa=\box80
\@tempa=\box81
\@tempa=\box82
\@tempa=\box83
\@tempa=\box84
\@tempa=\box85
\@tempa=\box86
\@tempa=\box87
\@tempa=\box88
\@tempa=\box89
\@tempa=\box90
\@tempa=\box91
\@tempa=\box92
\@tempa=\box93
\@tempa=\box94
\@tempa=\box95
\c@minrows=\count281
\c@columnbadness=\count282
\c@finalcolumnbadness=\count283
\last@try=\dimen171
\multicolovershoot=\dimen172
\multicolundershoot=\dimen173
\mult@nat@firstbox=\box96
\colbreak@box=\box97
\mc@col@check@num=\count284
)
(/usr/share/texlive/texmf-dist/tex/latex/graphics/graphicx.sty
Package: graphicx 2020/09/09 v1.2b Enhanced LaTeX Graphics (DPC,SPQR)

(/usr/share/texlive/texmf-dist/tex/latex/graphics/graphics.sty
Package: graphics 2020/08/30 v1.4c Standard LaTeX Graphics (DPC,SPQR)

(/usr/share/texlive/texmf-dist/tex/latex/graphics/trig.sty
Package: trig 2016/01/03 v1.10 sin cos tan (DPC)
)
(/usr/share/texlive/texmf-dist/tex/latex/graphics-cfg/graphics.cfg
File: graphics.cfg 2016/06/04 v1.11 sample graphics configuration
)
Package graphics Info: Driver file: pdftex.def on input line 105.
)
\Gin@req@height=\dimen174
\Gin@req@width=\dimen175
)
(./sphinxlatexgraphics.sty
File: sphinxlatexgraphics.sty 2021/01/27 graphics
\spx@image@maxheight=\dimen176
\spx@image@box=\box98
) (./sphinxpackageboxes.sty
Package: sphinxpackageboxes 2022/07/04 v5.1.0 advanced colored boxes
\spx@tempboxa=\box99
\spx@tempboxb=\box100
\spx@boxes@border=\dimen177
\spx@boxes@border@top=\dimen178
\spx@boxes@border@right=\dimen179
\spx@boxes@border@bottom=\dimen180
\spx@boxes@border@left=\dimen181
\spx@boxes@padding@top=\dimen182
\spx@boxes@padding@right=\dimen183
\spx@boxes@padding@bottom=\dimen184
\spx@boxes@padding@left=\dimen185
\spx@boxes@shadow@xoffset=\dimen186
\spx@boxes@shadow@yoffset=\dimen187
\spx@boxes@radius@topleft=\dimen188
\spx@boxes@radius@topright=\dimen189
\spx@boxes@radius@bottomright=\dimen190
\spx@boxes@radius@bottomleft=\dimen191
)
(./sphinxlatexadmonitions.sty
File: sphinxlatexadmonitions.sty 2023/01/03 admonitions

(/usr/share/texlive/texmf-dist/tex/latex/framed/framed.sty
Package: framed 2011/10/22 v 0.96: framed or shaded text with page breaks
\OuterFrameSep=\skip61
\fb@frw=\dimen192
\fb@frh=\dimen193
\FrameRule=\dimen194
\FrameSep=\dimen195
))
(./sphinxlatexliterals.sty
File: sphinxlatexliterals.sty 2022/07/29 code-blocks and parsed literals

(/usr/share/texlive/texmf-dist/tex/latex/fancyvrb/fancyvrb.sty
Package: fancyvrb 2021/01/20 v3.7 verbatim text (tvz,hv)
\FV@CodeLineNo=\count285
\FV@InFile=\read3
\FV@TabBox=\box101
\c@FancyVerbLine=\count286
\FV@StepNumber=\count287
\FV@OutFile=\write3
)
(/usr/share/texlive/texmf-dist/tex/latex/base/alltt.sty
Package: alltt 1997/06/16 v2.0g defines alltt environment
)
(/usr/share/texlive/texmf-dist/tex/latex/upquote/upquote.sty
Package: upquote 2012/04/19 v1.3 upright-quote and grave-accent glyphs in verba
tim
)
(/usr/share/texlive/texmf-dist/tex/latex/needspace/needspace.sty
Package: needspace 2010/09/12 v1.3d reserve vertical space
)
\sphinxcontinuationbox=\box102
\sphinxvisiblespacebox=\box103
\sphinxVerbatim@TitleBox=\box104
\sphinxVerbatim@ContentsBox=\box105
)
(./sphinxlatexshadowbox.sty
File: sphinxlatexshadowbox.sty 2023/01/06 sphinxShadowBox
) (./sphinxlatexcontainers.sty
File: sphinxlatexcontainers.sty 2021/05/03 containers
)
(./sphinxhighlight.sty
Package: sphinxhighlight 2022/06/30 stylesheet for highlighting with pygments
) (./sphinxlatextables.sty
File: sphinxlatextables.sty 2022/08/15 tables

(/usr/share/texlive/texmf-dist/tex/latex/tabulary/tabulary.sty
Package: tabulary 2014/06/11 v0.10 tabulary package (DPC)

(/usr/share/texlive/texmf-dist/tex/latex/tools/array.sty
Package: array 2020/10/01 v2.5c Tabular extension package (FMi)
\col@sep=\dimen196
\ar@mcellbox=\box106
\extrarowheight=\dimen197
\NC@list=\toks27
\extratabsurround=\skip62
\backup@length=\skip63
\ar@cellbox=\box107
)
\TY@count=\count288
\TY@linewidth=\dimen198
\tymin=\dimen199
\tymax=\dimen256
\TY@tablewidth=\dimen257
)
(/usr/share/texlive/texmf-dist/tex/latex/tools/longtable.sty
Package: longtable 2020/01/07 v4.13 Multi-page Table package (DPC)
\LTleft=\skip64
\LTright=\skip65
\LTpre=\skip66
\LTpost=\skip67
\LTchunksize=\count289
\LTcapwidth=\dimen258
\LT@head=\box108
\LT@firsthead=\box109
\LT@foot=\box110
\LT@lastfoot=\box111
\LT@cols=\count290
\LT@rows=\count291
\c@LT@tables=\count292
\c@LT@chunks=\count293
\LT@p@ftn=\toks28
)
(/usr/share/texlive/texmf-dist/tex/latex/varwidth/varwidth.sty
Package: varwidth 2009/03/30 ver 0.92;  Variable-width minipages
\@vwid@box=\box112
\sift@deathcycles=\count294
\@vwid@loff=\dimen259
\@vwid@roff=\dimen260
)
\sphinx@TY@tablewidth=\dimen261

(/usr/share/texlive/texmf-dist/tex/latex/colortbl/colortbl.sty
Package: colortbl 2020/01/04 v1.0e Color table columns (DPC)
\everycr=\toks29
\minrowclearance=\skip68
)
\rownum=\count295

(/usr/share/texlive/texmf-dist/tex/latex/booktabs/booktabs.sty
Package: booktabs 2020/01/12 v1.61803398 Publication quality tables
\heavyrulewidth=\dimen262
\lightrulewidth=\dimen263
\cmidrulewidth=\dimen264
\belowrulesep=\dimen265
\belowbottomsep=\dimen266
\aboverulesep=\dimen267
\abovetopsep=\dimen268
\cmidrulesep=\dimen269
\cmidrulekern=\dimen270
\defaultaddspace=\dimen271
\@cmidla=\count296
\@cmidlb=\count297
\@aboverulesep=\dimen272
\@belowrulesep=\dimen273
\@thisruleclass=\count298
\@lastruleclass=\count299
\@thisrulewidth=\dimen274
))
(./sphinxlatexnumfig.sty
File: sphinxlatexnumfig.sty 2021/01/27 numbering
) (./sphinxlatexlists.sty
File: sphinxlatexlists.sty 2021/12/20 lists
\spx@lineitemlabel=\toks30
)
\c@sphinxscope=\count300
 (./sphinxpackagefootnote.sty
Package: sphinxpackagefootnote 2022/08/15 v5.3.0 Sphinx custom footnotehyper pa
ckage (Sphinx team)
\FNH@notes=\box113
\FNH@toks=\toks31
\FNH@width=\dimen275
\c@sphinxfootnotemark=\count301
) (./sphinxlatexindbibtoc.sty
File: sphinxlatexindbibtoc.sty 2021/01/27 index, bib., toc

(/usr/share/texlive/texmf-dist/tex/latex/base/makeidx.sty
Package: makeidx 2014/09/29 v1.0m Standard LaTeX package
))
(./sphinxlatexstylepage.sty
File: sphinxlatexstylepage.sty 2021/01/27 page styling

(/usr/share/texlive/texmf-dist/tex/latex/parskip/parskip.sty
Rollback for package 'parskip' requested -> version 'v1'.
         This corresponds to the release introduced on 2001-04-09.

(/usr/share/texlive/texmf-dist/tex/latex/parskip/parskip-2001-04-09.sty
Package: parskip 2001/04/09 non-zero parskip adjustments
))
(/usr/share/texlive/texmf-dist/tex/latex/fancyhdr/fancyhdr.sty
Package: fancyhdr 2021/01/04 v4.0 Extensive control of page headers and footers

\f@nch@headwidth=\skip69
\f@nch@O@elh=\skip70
\f@nch@O@erh=\skip71
\f@nch@O@olh=\skip72
\f@nch@O@orh=\skip73
\f@nch@O@elf=\skip74
\f@nch@O@erf=\skip75
\f@nch@O@olf=\skip76
\f@nch@O@orf=\skip77
))
(./sphinxlatexstyleheadings.sty
File: sphinxlatexstyleheadings.sty 2022/08/15 headings

(/usr/share/texlive/texmf-dist/tex/latex/titlesec/titlesec.sty
Package: titlesec 2019/10/16 v2.13 Sectioning titles
\ttl@box=\box114
\beforetitleunit=\skip78
\aftertitleunit=\skip79
\ttl@plus=\dimen276
\ttl@minus=\dimen277
\ttl@toksa=\toks32
\titlewidth=\dimen278
\titlewidthlast=\dimen279
\titlewidthfirst=\dimen280
))
(./sphinxlatexstyletext.sty
File: sphinxlatexstyletext.sty 2022/07/02 text styling
) (./sphinxlatexobjects.sty
File: sphinxlatexobjects.sty 2022/01/13 documentation environments
\sphinxsignaturesep=\skip80
\py@argswidth=\skip81
\lineblockindentation=\skip82
\DUlineblockindent=\skip83
))
(/usr/share/texlive/texmf-dist/tex/latex/geometry/geometry.sty
Package: geometry 2020/01/02 v5.9 Page Geometry

(/usr/share/texlive/texmf-dist/tex/generic/iftex/ifvtex.sty
Package: ifvtex 2019/10/25 v1.7 ifvtex legacy package. Use iftex instead.

(/usr/share/texlive/texmf-dist/tex/generic/iftex/iftex.sty
Package: iftex 2020/03/06 v1.0d TeX engine tests
))
\Gm@cnth=\count302
\Gm@cntv=\count303
\c@Gm@tempcnt=\count304
\Gm@bindingoffset=\dimen281
\Gm@wd@mp=\dimen282
\Gm@odd@mp=\dimen283
\Gm@even@mp=\dimen284
\Gm@layoutwidth=\dimen285
\Gm@layoutheight=\dimen286
\Gm@layouthoffset=\dimen287
\Gm@layoutvoffset=\dimen288
\Gm@dimlist=\toks33
)
(/usr/share/texlive/texmf-dist/tex/latex/hyperref/hyperref.sty
Package: hyperref 2020-05-15 v7.00e Hypertext links for LaTeX

(/usr/share/texlive/texmf-dist/tex/generic/pdftexcmds/pdftexcmds.sty
Package: pdftexcmds 2020-06-27 v0.33 Utility functions of pdfTeX for LuaTeX (HO
)

(/usr/share/texlive/texmf-dist/tex/generic/infwarerr/infwarerr.sty
Package: infwarerr 2019/12/03 v1.5 Providing info/warning/error messages (HO)
)
Package pdftexcmds Info: \pdf@primitive is available.
Package pdftexcmds Info: \pdf@ifprimitive is available.
Package pdftexcmds Info: \pdfdraftmode found.
)
(/usr/share/texlive/texmf-dist/tex/generic/kvdefinekeys/kvdefinekeys.sty
Package: kvdefinekeys 2019-12-19 v1.6 Define keys (HO)
)
(/usr/share/texlive/texmf-dist/tex/generic/pdfescape/pdfescape.sty
Package: pdfescape 2019/12/09 v1.15 Implements pdfTeX's escape features (HO)
)
(/usr/share/texlive/texmf-dist/tex/latex/hycolor/hycolor.sty
Package: hycolor 2020-01-27 v1.10 Color options for hyperref/bookmark (HO)
)
(/usr/share/texlive/texmf-dist/tex/latex/letltxmacro/letltxmacro.sty
Package: letltxmacro 2019/12/03 v1.6 Let assignment for LaTeX macros (HO)
)
(/usr/share/texlive/texmf-dist/tex/latex/auxhook/auxhook.sty
Package: auxhook 2019-12-17 v1.6 Hooks for auxiliary files (HO)
)
\@linkdim=\dimen289
\Hy@linkcounter=\count305
\Hy@pagecounter=\count306

(/usr/share/texlive/texmf-dist/tex/latex/hyperref/pd1enc.def
File: pd1enc.def 2020-05-15 v7.00e Hyperref: PDFDocEncoding definition (HO)
Now handling font encoding PD1 ...
... no UTF-8 mapping file for font encoding PD1
)
(/usr/share/texlive/texmf-dist/tex/generic/intcalc/intcalc.sty
Package: intcalc 2019/12/15 v1.3 Expandable calculations with integers (HO)
)
(/usr/share/texlive/texmf-dist/tex/generic/etexcmds/etexcmds.sty
Package: etexcmds 2019/12/15 v1.7 Avoid name clashes with e-TeX commands (HO)
)
\Hy@SavedSpaceFactor=\count307
Package hyperref Info: Option `unicode' set `true' on input line 4338.

(/usr/share/texlive/texmf-dist/tex/latex/hyperref/puenc.def
File: puenc.def 2020-05-15 v7.00e Hyperref: PDF Unicode definition (HO)
Now handling font encoding PU ...
... no UTF-8 mapping file for font encoding PU
)
Package hyperref Info: Option `colorlinks' set `true' on input line 4338.
Package hyperref Info: Option `breaklinks' set `true' on input line 4338.
Package hyperref Info: Hyper figures OFF on input line 4464.
Package hyperref Info: Link nesting OFF on input line 4469.
Package hyperref Info: Hyper index ON on input line 4472.
Package hyperref Info: Plain pages OFF on input line 4479.
Package hyperref Info: Backreferencing OFF on input line 4484.
Package hyperref Info: Implicit mode ON; LaTeX internals redefined.
Package hyperref Info: Bookmarks ON on input line 4717.
\c@Hy@tempcnt=\count308

(/usr/share/texlive/texmf-dist/tex/latex/url/url.sty
\Urlmuskip=\muskip17
Package: url 2013/09/16  ver 3.4  Verb mode for urls, etc.
)
LaTeX Info: Redefining \url on input line 5076.
\XeTeXLinkMargin=\dimen290

(/usr/share/texlive/texmf-dist/tex/generic/bitset/bitset.sty
Package: bitset 2019/12/09 v1.3 Handle bit-vector datatype (HO)

(/usr/share/texlive/texmf-dist/tex/generic/bigintcalc/bigintcalc.sty
Package: bigintcalc 2019/12/15 v1.5 Expandable calculations on big integers (HO
)
))
\Fld@menulength=\count309
\Field@Width=\dimen291
\Fld@charsize=\dimen292
Package hyperref Info: Hyper figures OFF on input line 6347.
Package hyperref Info: Link nesting OFF on input line 6352.
Package hyperref Info: Hyper index ON on input line 6355.
Package hyperref Info: backreferencing OFF on input line 6362.
Package hyperref Info: Link coloring ON on input line 6365.
Package hyperref Info: Link coloring with OCG OFF on input line 6372.
Package hyperref Info: PDF/A mode OFF on input line 6377.
LaTeX Info: Redefining \ref on input line 6417.
LaTeX Info: Redefining \pageref on input line 6421.

(/usr/share/texlive/texmf-dist/tex/latex/base/atbegshi-ltx.sty
Package: atbegshi-ltx 2020/08/17 v1.0a Emulation of the original atbegshi packa
ge
with kernel methods
)
\Hy@abspage=\count310
\c@Item=\count311
\c@Hfootnote=\count312
)
Package hyperref Info: Driver (autodetected): hpdftex.

(/usr/share/texlive/texmf-dist/tex/latex/hyperref/hpdftex.def
File: hpdftex.def 2020-05-15 v7.00e Hyperref driver for pdfTeX

(/usr/share/texlive/texmf-dist/tex/latex/base/atveryend-ltx.sty
Package: atveryend-ltx 2020/08/19 v1.0a Emulation of the original atvery packag
e
with kernel methods
)
\Fld@listcount=\count313
\c@bookmark@seq@number=\count314

(/usr/share/texlive/texmf-dist/tex/latex/rerunfilecheck/rerunfilecheck.sty
Package: rerunfilecheck 2019/12/05 v1.9 Rerun checks for auxiliary files (HO)

(/usr/share/texlive/texmf-dist/tex/generic/uniquecounter/uniquecounter.sty
Package: uniquecounter 2019/12/15 v1.4 Provide unlimited unique counter (HO)
)
Package uniquecounter Info: New unique counter `rerunfilecheck' on input line 2
86.
)
\Hy@SectionHShift=\skip84
)
(/usr/share/texlive/texmf-dist/tex/latex/oberdiek/hypcap.sty
Package: hypcap 2016/05/16 v1.12 Adjusting the anchors of captions (HO)
)
(./sphinxmessages.sty
Package: sphinxmessages 2019/01/04 v2.0 Localized LaTeX macros (Sphinx team)
)
\@indexfile=\write4
\openout4 = `DiacammaAsso.idx'.


Writing index file DiacammaAsso.idx
LaTeX Font Info:    Trying to load font information for T1+qtm on input line 74
.
(/usr/share/texmf/tex/latex/tex-gyre/t1qtm.fd
File: t1qtm.fd 2009/09/25 v1.2 font definition file for T1/qtm
)
(/usr/share/texlive/texmf-dist/tex/latex/l3backend/l3backend-pdftex.def
File: l3backend-pdftex.def 2020-01-29 L3 backend support: PDF output (pdfTeX)
\l__color_backend_stack_int=\count315
\l__pdf_internal_box=\box115
)
(./DiacammaAsso.aux)
\openout1 = `DiacammaAsso.aux'.

LaTeX Font Info:    Checking defaults for OML/cmm/m/it on input line 74.
LaTeX Font Info:    ... okay on input line 74.
LaTeX Font Info:    Checking defaults for OMS/cmsy/m/n on input line 74.
LaTeX Font Info:    ... okay on input line 74.
LaTeX Font Info:    Checking defaults for OT1/cmr/m/n on input line 74.
LaTeX Font Info:    ... okay on input line 74.
LaTeX Font Info:    Checking defaults for T1/cmr/m/n on input line 74.
LaTeX Font Info:    ... okay on input line 74.
LaTeX Font Info:    Checking defaults for TS1/cmr/m/n on input line 74.
LaTeX Font Info:    ... okay on input line 74.
LaTeX Font Info:    Checking defaults for OMX/cmex/m/n on input line 74.
LaTeX Font Info:    ... okay on input line 74.
LaTeX Font Info:    Checking defaults for U/cmr/m/n on input line 74.
LaTeX Font Info:    ... okay on input line 74.
LaTeX Font Info:    Checking defaults for PD1/pdf/m/n on input line 74.
LaTeX Font Info:    ... okay on input line 74.
LaTeX Font Info:    Checking defaults for PU/pdf/m/n on input line 74.
LaTeX Font Info:    ... okay on input line 74.
LaTeX Info: Redefining \degres on input line 74.
LaTeX Info: Redefining \dots on input line 74.
LaTeX Info: Redefining \up on input line 74.

(/usr/share/texlive/texmf-dist/tex/context/base/mkii/supp-pdf.mkii
[Loading MPS to PDF converter (version 2006.09.02).]
\scratchcounter=\count316
\scratchdimen=\dimen293
\scratchbox=\box116
\nofMPsegments=\count317
\nofMParguments=\count318
\everyMPshowfont=\toks34
\MPscratchCnt=\count319
\MPscratchDim=\dimen294
\MPnumerator=\count320
\makeMPintoPDFobject=\count321
\everyMPtoPDFconversion=\toks35
) (/usr/share/texlive/texmf-dist/tex/latex/epstopdf-pkg/epstopdf-base.sty
Package: epstopdf-base 2020-01-24 v2.11 Base part for package epstopdf
Package epstopdf-base Info: Redefining graphics rule for `.eps' on input line 4
85.

(/usr/share/texlive/texmf-dist/tex/latex/latexconfig/epstopdf-sys.cfg
File: epstopdf-sys.cfg 2010/07/13 v1.3 Configuration of (r)epstopdf for TeX Liv
e
))
(/usr/share/texlive/texmf-dist/tex/latex/pict2e/pict2e.sty
Package: pict2e 2020/09/30 v0.4b Improved picture commands (HjG,RN,JT)

(/usr/share/texlive/texmf-dist/tex/latex/pict2e/pict2e.cfg
File: pict2e.cfg 2016/02/05 v0.1u pict2e configuration for teTeX/TeXLive
)
Package pict2e Info: Driver file: pdftex.def on input line 112.
Package pict2e Info: Driver file for pict2e: p2e-pdftex.def on input line 114.

(/usr/share/texlive/texmf-dist/tex/latex/pict2e/p2e-pdftex.def
File: p2e-pdftex.def 2016/02/05 v0.1u Driver-dependant file (RN,HjG,JT)
)
\pIIe@GRAPH=\toks36
\@arclen=\dimen295
\@arcrad=\dimen296
\pIIe@tempdima=\dimen297
\pIIe@tempdimb=\dimen298
\pIIe@tempdimc=\dimen299
\pIIe@tempdimd=\dimen300
\pIIe@tempdime=\dimen301
\pIIe@tempdimf=\dimen302
)
\c@literalblock=\count322

*geometry* driver: auto-detecting
*geometry* detected driver: pdftex
*geometry* verbose mode - [ preamble ] result:
* driver: pdftex
* paper: a4paper
* layout: <same size as paper>
* layoutoffset:(h,v)=(0.0pt,0.0pt)
* modes: 
* h-part:(L,W,R)=(72.26999pt, 452.9679pt, 72.26999pt)
* v-part:(T,H,B)=(72.26999pt, 700.50687pt, 72.26999pt)
* \paperwidth=597.50787pt
* \paperheight=845.04684pt
* \textwidth=452.9679pt
* \textheight=700.50687pt
* \oddsidemargin=0.0pt
* \evensidemargin=0.0pt
* \topmargin=-37.0pt
* \headheight=12.0pt
* \headsep=25.0pt
* \topskip=10.0pt
* \footskip=30.0pt
* \marginparwidth=36.135pt
* \marginparsep=11.0pt
* \columnsep=10.0pt
* \skip\footins=9.0pt plus 4.0pt minus 2.0pt
* \hoffset=0.0pt
* \voffset=0.0pt
* \mag=1000
* \@twocolumnfalse
* \@twosidefalse
* \@mparswitchfalse
* \@reversemarginfalse
* (1in=72.27pt=25.4mm, 1cm=28.453pt)

Package hyperref Info: Link coloring ON on input line 74.
(/usr/share/texlive/texmf-dist/tex/latex/hyperref/nameref.sty
Package: nameref 2019/09/16 v2.46 Cross-referencing by name of section

(/usr/share/texlive/texmf-dist/tex/latex/refcount/refcount.sty
Package: refcount 2019/12/15 v3.6 Data extraction from label references (HO)
)
(/usr/share/texlive/texmf-dist/tex/generic/gettitlestring/gettitlestring.sty
Package: gettitlestring 2019/12/15 v1.6 Cleanup title references (HO)
)
\c@section@level=\count323
)
LaTeX Info: Redefining \ref on input line 74.
LaTeX Info: Redefining \pageref on input line 74.
LaTeX Info: Redefining \nameref on input line 74.

(./DiacammaAsso.out) (./DiacammaAsso.out)
\@outlinefile=\write5
\openout5 = `DiacammaAsso.out'.

Package hyperref Info: Option `pageanchor' set `false' on input line 82.
<DiacammaAsso.jpg, id=644, 1032.42857pt x 860.35715pt>
LaTeX Font Info:    Trying to load font information for T1+txtt on input line 8
2.

(/usr/share/texlive/texmf-dist/tex/latex/txfonts/t1txtt.fd
File: t1txtt.fd 2000/12/15 v3.1
)
File: DiacammaAsso.jpg Graphic file (type jpg)
<use DiacammaAsso.jpg>
Package pdftex.def Info: DiacammaAsso.jpg  used on input line 82.
(pdftex.def)             Requested size: 452.96243pt x 377.46869pt.
LaTeX Font Info:    Trying to load font information for T1+qhv on input line 82
.

(/usr/share/texmf/tex/latex/tex-gyre/t1qhv.fd
File: t1qhv.fd 2009/09/25 v1.2 font definition file for T1/qhv
)<<ot1.cmap>><<oml.cmap>><<oms.cmap>><<omx.cmap>>
LaTeX Font Info:    Trying to load font information for U+msa on input line 82.

 (/usr/share/texlive/texmf-dist/tex/latex/amsfonts/umsa.fd
File: umsa.fd 2013/01/14 v3.01 AMS symbols A
)
LaTeX Font Info:    Trying to load font information for U+msb on input line 82.


(/usr/share/texlive/texmf-dist/tex/latex/amsfonts/umsb.fd
File: umsb.fd 2013/01/14 v3.01 AMS symbols B
) [1

{/var/lib/texmf/fonts/map/pdftex/updmap/pdftex.map} <./DiacammaAsso.jpg>] (./Di
acammaAsso.toc
[1



] [2] [3])
\tf@toc=\write6
\openout6 = `DiacammaAsso.toc'.

 [4]
Chapitre 1.
[1


] [2] [3] [4]
Chapitre 2.
<members.png, id=859, 705.38531pt x 383.18156pt>
File: members.png Graphic file (type png)
<use members.png>
Package pdftex.def Info: members.png  used on input line 380.
(pdftex.def)             Requested size: 452.96269pt x 246.06561pt.
<file.png, id=861, 487.8225pt x 396.7322pt>
File: file.png Graphic file (type png)
<use file.png>
Package pdftex.def Info: file.png  used on input line 389.
(pdftex.def)             Requested size: 452.97054pt x 368.39413pt.
[5

 <./members.png>]
<modify.png, id=867, 427.5975pt x 334.24875pt>
File: modify.png Graphic file (type png)
<use modify.png>
Package pdftex.def Info: modify.png  used on input line 416.
(pdftex.def)             Requested size: 427.59645pt x 334.24792pt.
 [6 <./file.png>]
<search.png, id=873, 469.00218pt x 315.42844pt>
File: search.png Graphic file (type png)
<use search.png>
Package pdftex.def Info: search.png  used on input line 432.
(pdftex.def)             Requested size: 452.96356pt x 304.66087pt.
 [7 <./modify.png>] [8 <./search.png>]
LaTeX Font Info:    Trying to load font information for TS1+qtm on input line 5
69.

(/usr/share/texmf/tex/latex/tex-gyre/ts1qtm.fd
File: ts1qtm.fd 2009/09/25 v1.2 font definition file for TS1/qtm
) [9]
<listprestation.png, id=890, 562.35094pt x 324.46219pt>
File: listprestation.png Graphic file (type png)
<use listprestation.png>
Package pdftex.def Info: listprestation.png  used on input line 595.
(pdftex.def)             Requested size: 402.97028pt x 232.50359pt.
<newprestation.png, id=891, 395.22656pt x 279.29344pt>
File: newprestation.png Graphic file (type png)
<use newprestation.png>
Package pdftex.def Info: newprestation.png  used on input line 608.
(pdftex.def)             Requested size: 395.22559pt x 279.29276pt.
 [10 <./listprestation.png>]
<modifprestation.png, id=897, 489.32813pt x 320.69812pt>
File: modifprestation.png Graphic file (type png)
<use modifprestation.png>
Package pdftex.def Info: modifprestation.png  used on input line 624.
(pdftex.def)             Requested size: 402.97643pt x 264.10454pt.
[11 <./newprestation.png> <./modifprestation.png>]
<showprestation.png, id=904, 565.36218pt x 377.91188pt>
File: showprestation.png Graphic file (type png)
<use showprestation.png>
Package pdftex.def Info: showprestation.png  used on input line 637.
(pdftex.def)             Requested size: 402.97139pt x 269.36304pt.
<swapingprestation.png, id=905, 339.51843pt x 272.51813pt>
File: swapingprestation.png Graphic file (type png)
<use swapingprestation.png>
Package pdftex.def Info: swapingprestation.png  used on input line 662.
(pdftex.def)             Requested size: 339.5176pt x 272.51746pt.
 [12 <./showprestation.png>]
<statistiques1.png, id=911, 391.4625pt x 412.54124pt>
File: statistiques1.png Graphic file (type png)
<use statistiques1.png>
Package pdftex.def Info: statistiques1.png  used on input line 685.
(pdftex.def)             Requested size: 391.46153pt x 412.54024pt.

[13 <./swapingprestation.png>] [14 <./statistiques1.png>]
<taxreceipts.png, id=923, 562.35094pt x 437.38406pt>
File: taxreceipts.png Graphic file (type png)
<use taxreceipts.png>
Package pdftex.def Info: taxreceipts.png  used on input line 778.
(pdftex.def)             Requested size: 402.97028pt x 313.42131pt.
 [15 <./taxreceipts.png>]
<conf_general.png, id=929, 467.49657pt x 372.64218pt>
File: conf_general.png Graphic file (type png)
<use conf_general.png>
Package pdftex.def Info: conf_general.png  used on input line 857.
(pdftex.def)             Requested size: 402.98795pt x 321.21658pt.
 [16 <./conf_general.png>]
<season_list.png, id=935, 711.4078pt x 350.05782pt>
File: season_list.png Graphic file (type png)
<use season_list.png>
Package pdftex.def Info: season_list.png  used on input line 875.
(pdftex.def)             Requested size: 402.9774pt x 198.29045pt.
<documents.png, id=936, 511.15968pt x 389.20406pt>
File: documents.png Graphic file (type png)
<use documents.png>
Package pdftex.def Info: documents.png  used on input line 892.
(pdftex.def)             Requested size: 402.96935pt x 306.83238pt.
 [17 <./season_list.png>]
<cotisations.png, id=942, 711.4078pt x 350.05782pt>
File: cotisations.png Graphic file (type png)
<use cotisations.png>
Package pdftex.def Info: cotisations.png  used on input line 899.
(pdftex.def)             Requested size: 402.9774pt x 198.29045pt.
 [18 <./documents.png> <./cotisations.png>]
<categories.png, id=949, 607.51968pt x 463.7325pt>
File: categories.png Graphic file (type png)
<use categories.png>
Package pdftex.def Info: categories.png  used on input line 946.
(pdftex.def)             Requested size: 402.97581pt x 307.59987pt.
<age.png, id=950, 559.33969pt x 347.04657pt>
File: age.png Graphic file (type png)
<use age.png>
Package pdftex.def Info: age.png  used on input line 959.
(pdftex.def)             Requested size: 402.98032pt x 250.0322pt.
 [19 <./categories.png>]
<team.png, id=956, 559.33969pt x 280.04625pt>
File: team.png Graphic file (type png)
<use team.png>
Package pdftex.def Info: team.png  used on input line 970.
(pdftex.def)             Requested size: 402.98032pt x 201.76132pt.
<activity.png, id=957, 561.59813pt x 269.50688pt>
File: activity.png Graphic file (type png)
<use activity.png>
Package pdftex.def Info: activity.png  used on input line 984.
(pdftex.def)             Requested size: 402.96211pt x 193.3827pt.
 [20 <./age.png> <./team.png>]
[21 <./activity.png>]
Chapitre 3.
[22

] [23]
Chapitre 4.
[24

]
<parameters.png, id=983, 402.75468pt x 292.09125pt>
File: parameters.png Graphic file (type png)
<use parameters.png>
Package pdftex.def Info: parameters.png  used on input line 1179.
(pdftex.def)             Requested size: 402.7537pt x 292.09052pt.
 [25]
<fiscalyear_list.png, id=988, 500.62032pt x 468.24937pt>
File: fiscalyear_list.png Graphic file (type png)
<use fiscalyear_list.png>
Package pdftex.def Info: fiscalyear_list.png  used on input line 1194.
(pdftex.def)             Requested size: 402.98706pt x 376.92923pt.
 [26 <./parameters.png>]
<fiscalyear_create.png, id=995, 234.1247pt x 129.48375pt>
File: fiscalyear_create.png Graphic file (type png)
<use fiscalyear_create.png>
Package pdftex.def Info: fiscalyear_create.png  used on input line 1201.
(pdftex.def)             Requested size: 234.12411pt x 129.48341pt.
 [27 <./fiscalyear_list.png> <./fiscalyear_create.png>]
<account_new.png, id=1002, 271.0125pt x 146.04562pt>
File: account_new.png Graphic file (type png)
<use account_new.png>
Package pdftex.def Info: account_new.png  used on input line 1276.
(pdftex.def)             Requested size: 271.01183pt x 146.04524pt.
<account_edit.png, id=1003, 439.6425pt x 249.18094pt>
File: account_edit.png Graphic file (type png)
<use account_edit.png>
Package pdftex.def Info: account_edit.png  used on input line 1289.
(pdftex.def)             Requested size: 402.98003pt x 228.40134pt.
 [28 <./account_new.png>] [29 <./account_edit.png>]
<third_list.png, id=1014, 464.4853pt x 303.38344pt>
File: third_list.png Graphic file (type png)
<use third_list.png>
Package pdftex.def Info: third_list.png  used on input line 1423.
(pdftex.def)             Requested size: 452.98122pt x 295.86478pt.
<third_add.png, id=1015, 459.96844pt x 304.13625pt>
File: third_add.png Graphic file (type png)
<use third_add.png>
Package pdftex.def Info: third_add.png  used on input line 1432.
(pdftex.def)             Requested size: 452.99088pt x 299.51332pt.
 [30 <./third_list.png>]
<third_edit.png, id=1021, 378.66469pt x 341.02406pt>
File: third_edit.png Graphic file (type png)
<use third_edit.png>
Package pdftex.def Info: third_edit.png  used on input line 1437.
(pdftex.def)             Requested size: 378.66376pt x 341.02322pt.
 [31 <./third_add.png> <./third_edit.png>]
<third_state.png, id=1028, 441.90094pt x 373.395pt>
File: third_state.png Graphic file (type png)
<use third_state.png>
Package pdftex.def Info: third_state.png  used on input line 1449.
(pdftex.def)             Requested size: 441.89986pt x 373.39409pt.
 [32 <./third_state.png>]
<entity_list.png, id=1035, 874.26625pt x 477.785pt>
File: entity_list.png Graphic file (type png)
<use entity_list.png>
Package pdftex.def Info: entity_list.png  used on input line 1496.
(pdftex.def)             Requested size: 402.96777pt x 220.22119pt.

[33 <./entity_list.png>] [34]
<entity_search.png, id=1045, 671.50874pt x 308.65312pt>
File: entity_search.png Graphic file (type png)
<use entity_search.png>
Package pdftex.def Info: entity_search.png  used on input line 1656.
(pdftex.def)             Requested size: 402.96983pt x 185.22626pt.
<entity_import.png, id=1046, 437.38406pt x 406.51875pt>
File: entity_import.png Graphic file (type png)
<use entity_import.png>
Package pdftex.def Info: entity_import.png  used on input line 1687.
(pdftex.def)             Requested size: 402.97217pt x 374.54144pt.
 [35 <./entity_search.png>] [36 <./entity_import.png>]
<costaccount_list.png, id=1057, 527.72156pt x 331.2375pt>
File: costaccount_list.png Graphic file (type png)
<use costaccount_list.png>
Package pdftex.def Info: costaccount_list.png  used on input line 1752.
(pdftex.def)             Requested size: 402.96486pt x 252.93086pt.
<costaccount_assign.png, id=1058, 232.61906pt x 105.39375pt>
File: costaccount_assign.png Graphic file (type png)
<use costaccount_assign.png>
Package pdftex.def Info: costaccount_assign.png  used on input line 1770.
(pdftex.def)             Requested size: 232.61848pt x 105.39348pt.
 [37 <./costaccount_list.png> <./costaccount_assign.png>]
<model_list.png, id=1065, 402.75468pt x 215.30438pt>
File: model_list.png Graphic file (type png)
<use model_list.png>
Package pdftex.def Info: model_list.png  used on input line 1812.
(pdftex.def)             Requested size: 402.7537pt x 215.30385pt.
<model_item.png, id=1066, 383.93437pt x 260.47313pt>
File: model_item.png Graphic file (type png)
<use model_item.png>
Package pdftex.def Info: model_item.png  used on input line 1819.
(pdftex.def)             Requested size: 383.93343pt x 260.47249pt.
 [38 <./model_list.png>]
<model_add.png, id=1073, 298.86656pt x 114.4275pt>
File: model_add.png Graphic file (type png)
<use model_add.png>
Package pdftex.def Info: model_add.png  used on input line 1835.
(pdftex.def)             Requested size: 298.86581pt x 114.42722pt.
 [39 <./model_item.png> <./model_add.png>] [40] [41]
Chapitre 5.
<articles_list.png, id=1089, 538.26094pt x 313.17pt>
File: articles_list.png Graphic file (type png)
<use articles_list.png>
Package pdftex.def Info: articles_list.png  used on input line 2046.
(pdftex.def)             Requested size: 452.97386pt x 263.55318pt.
[42

 <./articles_list.png>]
<bill_edit.png, id=1095, 405.01312pt x 308.65312pt>
File: bill_edit.png Graphic file (type png)
<use bill_edit.png>
Package pdftex.def Info: bill_edit.png  used on input line 2133.
(pdftex.def)             Requested size: 402.9789pt x 307.117pt.
 [43]
<add_article.png, id=1101, 464.4853pt x 291.33844pt>
File: add_article.png Graphic file (type png)
<use add_article.png>
Package pdftex.def Info: add_article.png  used on input line 2140.
(pdftex.def)             Requested size: 402.97914pt x 252.76001pt.
 [44 <./bill_edit.png> <./add_article.png>]
[45]
<statistiques.png, id=1113, 468.24937pt x 507.39563pt>
File: statistiques.png Graphic file (type png)
<use statistiques.png>
Package pdftex.def Info: statistiques.png  used on input line 2282.
(pdftex.def)             Requested size: 452.99385pt x 490.84926pt.
 [46] [47 <./statistiques.png>] [48]
<vat.png, id=1127, 389.20406pt x 292.84406pt>
File: vat.png Graphic file (type png)
<use vat.png>
Package pdftex.def Info: vat.png  used on input line 2416.
(pdftex.def)             Requested size: 389.20311pt x 292.84334pt.
 [49 <./vat.png>]
Chapitre 6.
<payoff.png, id=1133, 240.9pt x 231.86626pt>
File: payoff.png Graphic file (type png)
<use payoff.png>
Package pdftex.def Info: payoff.png  used on input line 2470.
(pdftex.def)             Requested size: 240.8994pt x 231.86568pt.
[50

 <./payoff.png>]
<multi-payoff.png, id=1140, 277.035pt x 249.18094pt>
File: multi-payoff.png Graphic file (type png)
<use multi-payoff.png>
Package pdftex.def Info: multi-payoff.png  used on input line 2531.
(pdftex.def)             Requested size: 277.03432pt x 249.18031pt.
<depositlist.png, id=1141, 490.83376pt x 235.63031pt>
File: depositlist.png Graphic file (type png)
<use depositlist.png>
Package pdftex.def Info: depositlist.png  used on input line 2554.
(pdftex.def)             Requested size: 402.98059pt x 193.4518pt.
 [51 <./multi-payoff.png>]
<deposititem.png, id=1147, 412.54124pt x 350.81062pt>
File: deposititem.png Graphic file (type png)
<use deposititem.png>
Package pdftex.def Info: deposititem.png  used on input line 2572.
(pdftex.def)             Requested size: 402.97203pt x 342.6947pt.
 [52 <./depositlist.png>] [53 <./deposititem.png>] [54]
Chapitre 7.
<ListIndividual.png, id=1168, 484.05844pt x 353.06906pt>
File: ListIndividual.png Graphic file (type png)
<use ListIndividual.png>
Package pdftex.def Info: ListIndividual.png  used on input line 2733.
(pdftex.def)             Requested size: 452.9912pt x 330.39264pt.
[55

]
<ShowIndividual.png, id=1173, 596.2275pt x 524.96124pt>
File: ShowIndividual.png Graphic file (type png)
<use ShowIndividual.png>
Package pdftex.def Info: ShowIndividual.png  used on input line 2741.
(pdftex.def)             Requested size: 452.96475pt x 398.83852pt.
 [56 <./ListIndividual.png>]
<PermissionsIndividual.png, id=1180, 428.35031pt x 465.23813pt>
File: PermissionsIndividual.png Graphic file (type png)
<use PermissionsIndividual.png>
Package pdftex.def Info: PermissionsIndividual.png  used on input line 2750.
(pdftex.def)             Requested size: 428.34926pt x 465.23698pt.
 [57 <./ShowIndividual.png>]
<EditIndividual.png, id=1186, 453.19313pt x 385.44pt>
File: EditIndividual.png Graphic file (type png)
<use EditIndividual.png>
Package pdftex.def Info: EditIndividual.png  used on input line 2758.
(pdftex.def)             Requested size: 452.97072pt x 385.24496pt.
 [58 <./PermissionsIndividual.png>]
<FindIndividual.png, id=1193, 504.38437pt x 396.7322pt>
File: FindIndividual.png Graphic file (type png)
<use FindIndividual.png>
Package pdftex.def Info: FindIndividual.png  used on input line 2772.
(pdftex.def)             Requested size: 452.972pt x 356.29897pt.
 [59 <./EditIndividual.png>]
<ListLegalEntity.png, id=1199, 499.8675pt x 325.96782pt>
File: ListLegalEntity.png Graphic file (type png)
<use ListLegalEntity.png>
Package pdftex.def Info: ListLegalEntity.png  used on input line 2798.
(pdftex.def)             Requested size: 452.98093pt x 295.4076pt.
 [60 <./FindIndividual.png>]
<ShowLegalEntity.png, id=1205, 389.20406pt x 310.91156pt>
File: ShowLegalEntity.png Graphic file (type png)
<use ShowLegalEntity.png>
Package pdftex.def Info: ShowLegalEntity.png  used on input line 2812.
(pdftex.def)             Requested size: 389.20311pt x 310.91078pt.

[61 <./ListLegalEntity.png>]
<EditLegalEntity.png, id=1211, 462.97969pt x 370.38374pt>
File: EditLegalEntity.png Graphic file (type png)
<use EditLegalEntity.png>
Package pdftex.def Info: EditLegalEntity.png  used on input line 2823.
(pdftex.def)             Requested size: 452.97522pt x 362.38016pt.
 [62 <./ShowLegalEntity.png>]
<ResponsabilityLegalEntity.png, id=1218, 394.47375pt x 224.33812pt>
File: ResponsabilityLegalEntity.png Graphic file (type png)
<use ResponsabilityLegalEntity.png>
Package pdftex.def Info: ResponsabilityLegalEntity.png  used on input line 2833
.
(pdftex.def)             Requested size: 394.47278pt x 224.33757pt.
 [63 <./EditLegalEntity.png> <./ResponsabilityLegalEntity.png>]
<FindLegalEntity.png, id=1225, 529.22719pt x 358.33875pt>
File: FindLegalEntity.png Graphic file (type png)
<use FindLegalEntity.png>
Package pdftex.def Info: FindLegalEntity.png  used on input line 2841.
(pdftex.def)             Requested size: 452.97038pt x 306.72182pt.
 [64 <./FindLegalEntity.png>] [65]
Chapitre 8.
<mailing.png, id=1235, 453.94594pt x 304.88907pt>
File: mailing.png Graphic file (type png)
<use mailing.png>
Package pdftex.def Info: mailing.png  used on input line 2997.
(pdftex.def)             Requested size: 452.97508pt x 304.24165pt.
[66

]
<transmission.png, id=1240, 625.58719pt x 391.4625pt>
File: transmission.png Graphic file (type png)
<use transmission.png>
Package pdftex.def Info: transmission.png  used on input line 3022.
(pdftex.def)             Requested size: 452.98068pt x 283.45958pt.
 [67 <./mailing.png>] [68 <./transmission.png>] [69]
Chapitre 9.
<listdoc.png, id=1259, 766.36313pt x 503.63156pt>
File: listdoc.png Graphic file (type png)
<use listdoc.png>
Package pdftex.def Info: listdoc.png  used on input line 3192.
(pdftex.def)             Requested size: 452.9689pt x 297.67798pt.
[70

]
<showdoc.png, id=1264, 434.37282pt x 222.07968pt>
File: showdoc.png Graphic file (type png)
<use showdoc.png>
Package pdftex.def Info: showdoc.png  used on input line 3208.
(pdftex.def)             Requested size: 434.37175pt x 222.07913pt.
 [71 <./listdoc.png> <./showdoc.png>]
Underfull \hbox (badness 10000) in paragraph at lines 3272--3274
[]\T1/qtm/m/n/10 Le tu-to-riel de fra-ma-soft ex-plique bien com-ment l'ins-tal
-ler : [][]$https : / / framacloud . org / fr /
 []

LaTeX Font Info:    Font shape `T1/txtt/m/it' in size <10> not available
(Font)              Font shape `T1/txtt/m/sl' tried instead on input line 3298.

LaTeX Font Info:    Trying to load font information for TS1+txtt on input line 
3299.
(/usr/share/texlive/texmf-dist/tex/latex/txfonts/ts1txtt.fd
File: ts1txtt.fd 2000/12/15 v3.1
)
<etherpad.png, id=1273, 733.23938pt x 373.395pt>
File: etherpad.png Graphic file (type png)
<use etherpad.png>
Package pdftex.def Info: etherpad.png  used on input line 3320.
(pdftex.def)             Requested size: 452.97023pt x 230.67067pt.
 [72]
<ethercalc.png, id=1285, 727.21687pt x 377.15906pt>
File: ethercalc.png Graphic file (type png)
<use ethercalc.png>
Package pdftex.def Info: ethercalc.png  used on input line 3384.
(pdftex.def)             Requested size: 452.97812pt x 234.92389pt.
 [73 <./etherpad.png>]
<onlyoffice.png, id=1293, 908.64468pt x 471.26062pt>
File: onlyoffice.png Graphic file (type png)
<use onlyoffice.png>
Package pdftex.def Info: onlyoffice.png  used on input line 3451.
(pdftex.def)             Requested size: 452.97635pt x 234.93222pt.
 [74 <./ethercalc.png>]
<configuration.png, id=1301, 531.48563pt x 252.19218pt>
File: configuration.png Graphic file (type png)
<use configuration.png>
Package pdftex.def Info: configuration.png  used on input line 3469.
(pdftex.def)             Requested size: 452.97328pt x 214.93773pt.
 [75 <./onlyoffice.png> <./configuration.png>]
Chapitre 10.
<password.png, id=1308, 289.08pt x 168.63pt>
File: password.png Graphic file (type png)
<use password.png>
Package pdftex.def Info: password.png  used on input line 3503.
(pdftex.def)             Requested size: 289.07928pt x 168.62958pt.
[76

 <./password.png>]
<group.png, id=1314, 440.39531pt x 323.70938pt>
File: group.png Graphic file (type png)
<use group.png>
Package pdftex.def Info: group.png  used on input line 3521.
(pdftex.def)             Requested size: 440.39423pt x 323.70859pt.
<group_modify.png, id=1315, 666.99188pt x 237.13594pt>
File: group_modify.png Graphic file (type png)
<use group_modify.png>
Package pdftex.def Info: group_modify.png  used on input line 3526.
(pdftex.def)             Requested size: 452.97855pt x 161.04765pt.
 [77 <./group.png> <./group_modify.png>]
<users.png, id=1323, 592.46344pt x 464.4853pt>
File: users.png Graphic file (type png)
<use users.png>
Package pdftex.def Info: users.png  used on input line 3541.
(pdftex.def)             Requested size: 452.97992pt x 355.13165pt.
<user_info.png, id=1324, 414.04688pt x 435.87843pt>
File: user_info.png Graphic file (type png)
<use user_info.png>
Package pdftex.def Info: user_info.png  used on input line 3546.
(pdftex.def)             Requested size: 414.04585pt x 435.87737pt.
 [78 <./users.png>]
<user_permissions.png, id=1330, 418.56375pt x 443.40656pt>
File: user_permissions.png Graphic file (type png)
<use user_permissions.png>
Package pdftex.def Info: user_permissions.png  used on input line 3551.
(pdftex.def)             Requested size: 418.56271pt x 443.40547pt.
 [79 <./user_info.png>] (./DiacammaAsso.ind) [80 <./user_permissions.png>]
(./DiacammaAsso.aux)
Package rerunfilecheck Info: File `DiacammaAsso.out' has not changed.
(rerunfilecheck)             Checksum: B37F26838488C94FF3FA926063E9E748;26878.
 ) 
Here is how much of TeX's memory you used:
 16641 strings out of 481223
 253724 string characters out of 5914619
 589834 words of memory out of 5000000
 32880 multiletter control sequences out of 15000+600000
 460509 words of font info for 70 fonts, out of 8000000 for 9000
 15 hyphenation exceptions out of 8191
 83i,12n,88p,506b,675s stack positions out of 5000i,500n,10000p,200000b,80000s
{/usr/share/texmf/fonts/enc/dvips/tex-gyre/q-ec.enc}{/usr/share/texmf/fonts/e
nc/dvips/tex-gyre/q-ts1.enc}</usr/share/texlive/texmf-dist/fonts/type1/public/a
msfonts/cm/cmmi5.pfb></usr/share/texlive/texmf-dist/fonts/type1/public/amsfonts
/cm/cmsy5.pfb></usr/share/texmf/fonts/type1/public/tex-gyre/qhvb.pfb></usr/shar
e/texmf/fonts/type1/public/tex-gyre/qhvbi.pfb></usr/share/texmf/fonts/type1/pub
lic/tex-gyre/qhvr.pfb></usr/share/texmf/fonts/type1/public/tex-gyre/qtmb.pfb></
usr/share/texmf/fonts/type1/public/tex-gyre/qtmbi.pfb></usr/share/texmf/fonts/t
ype1/public/tex-gyre/qtmr.pfb></usr/share/texmf/fonts/type1/public/tex-gyre/qtm
ri.pfb></usr/share/texlive/texmf-dist/fonts/type1/public/txfonts/t1xtt.pfb></us
r/share/texlive/texmf-dist/fonts/type1/public/txfonts/t1xtt.pfb></usr/share/tex
live/texmf-dist/fonts/type1/public/txfonts/tcxtt.pfb>
Output written on DiacammaAsso.pdf (85 pages, 2473892 bytes).
PDF statistics:
 1442 PDF objects out of 1728 (max. 8388607)
 1187 compressed objects within 12 object streams
 246 named destinations out of 1000 (max. 500000)
 1643 words of extra memory for PDF output out of 10000 (max. 10000000)

